2017-08-25 09:28:35,403 [INFO] [main] org.springframework.context.annotation.AnnotationConfigApplicationContext [AbstractApplicationContext.java : 582] Refreshing org.springframework.context.annotation.AnnotationConfigApplicationContext@2276a6ab: startup date [Fri Aug 25 09:28:35 CST 2017]; root of context hierarchy
2017-08-25 09:28:35,840 [INFO] [main] o.s.context.support.PostProcessorRegistrationDelegate$BeanPostProcessorChecker [PostProcessorRegistrationDelegate.java : 325] Bean 'configurationPropertiesRebinderAutoConfiguration' of type [class org.springframework.cloud.autoconfigure.ConfigurationPropertiesRebinderAutoConfiguration$$EnhancerBySpringCGLIB$$ebd86eb1] is not eligible for getting processed by all BeanPostProcessors (for example: not eligible for auto-proxying)
2017-08-25 09:28:35,855 [INFO] [background-preinit] org.hibernate.validator.internal.util.Version [Version.java : 30] HV000001: Hibernate Validator 5.2.4.Final
2017-08-25 09:28:36,245 [INFO] [main] com.moredo.example.mybatis.Application [SpringApplication.java : 661] No active profile set, falling back to default profiles: default
2017-08-25 09:28:36,261 [INFO] [main] o.s.boot.context.embedded.AnnotationConfigEmbeddedWebApplicationContext [AbstractApplicationContext.java : 582] Refreshing org.springframework.boot.context.embedded.AnnotationConfigEmbeddedWebApplicationContext@4c767d44: startup date [Fri Aug 25 09:28:36 CST 2017]; parent: org.springframework.context.annotation.AnnotationConfigApplicationContext@2276a6ab
2017-08-25 09:28:37,680 [WARN] [main] org.springframework.context.annotation.ConfigurationClassPostProcessor [ConfigurationClassPostProcessor.java : 389] Cannot enhance @Configuration bean definition 'refreshScope' since its singleton instance has been created too early. The typical cause is a non-static @Bean method with a BeanDefinitionRegistryPostProcessor return type: Consider declaring such methods as 'static'.
2017-08-25 09:28:37,868 [INFO] [main] org.springframework.cloud.context.scope.GenericScope [GenericScope.java : 263] BeanFactory id=719a3a4e-bf54-3c3d-b6e3-6cdb581d5ab9
2017-08-25 09:28:37,961 [INFO] [main] o.s.context.support.PostProcessorRegistrationDelegate$BeanPostProcessorChecker [PostProcessorRegistrationDelegate.java : 325] Bean 'org.springframework.cloud.sleuth.instrument.async.AsyncDefaultAutoConfiguration$DefaultAsyncConfigurerSupport' of type [class org.springframework.cloud.sleuth.instrument.async.AsyncDefaultAutoConfiguration$DefaultAsyncConfigurerSupport$$EnhancerBySpringCGLIB$$d000977] is not eligible for getting processed by all BeanPostProcessors (for example: not eligible for auto-proxying)
2017-08-25 09:28:38,070 [INFO] [main] o.s.context.support.PostProcessorRegistrationDelegate$BeanPostProcessorChecker [PostProcessorRegistrationDelegate.java : 325] Bean 'org.springframework.transaction.annotation.ProxyTransactionManagementConfiguration' of type [class org.springframework.transaction.annotation.ProxyTransactionManagementConfiguration$$EnhancerBySpringCGLIB$$cfbe6bb4] is not eligible for getting processed by all BeanPostProcessors (for example: not eligible for auto-proxying)
2017-08-25 09:28:38,351 [INFO] [main] o.s.context.support.PostProcessorRegistrationDelegate$BeanPostProcessorChecker [PostProcessorRegistrationDelegate.java : 325] Bean 'org.springframework.cloud.autoconfigure.ConfigurationPropertiesRebinderAutoConfiguration' of type [class org.springframework.cloud.autoconfigure.ConfigurationPropertiesRebinderAutoConfiguration$$EnhancerBySpringCGLIB$$ebd86eb1] is not eligible for getting processed by all BeanPostProcessors (for example: not eligible for auto-proxying)
2017-08-25 09:28:39,030 [INFO] [main] org.springframework.boot.context.embedded.tomcat.TomcatEmbeddedServletContainer [TomcatEmbeddedServletContainer.java : 87] Tomcat initialized with port(s): 8087 (http)
2017-08-25 09:28:39,046 [INFO] [main] org.apache.catalina.core.StandardService [DirectJDKLog.java : 179] Starting service Tomcat
2017-08-25 09:28:39,046 [INFO] [main] org.apache.catalina.core.StandardEngine [DirectJDKLog.java : 179] Starting Servlet Engine: Apache Tomcat/8.5.6
2017-08-25 09:28:39,155 [INFO] [localhost-startStop-1] org.apache.catalina.core.ContainerBase.[Tomcat].[localhost].[/] [DirectJDKLog.java : 179] Initializing Spring embedded WebApplicationContext
2017-08-25 09:28:39,155 [INFO] [localhost-startStop-1] org.springframework.web.context.ContextLoader [EmbeddedWebApplicationContext.java : 276] Root WebApplicationContext: initialization completed in 2894 ms
2017-08-25 09:28:40,031 [INFO] [localhost-startStop-1] org.springframework.boot.web.servlet.FilterRegistrationBean [AbstractFilterRegistrationBean.java : 258] Mapping filter: 'metricsFilter' to: [/*]
2017-08-25 09:28:40,032 [INFO] [localhost-startStop-1] org.springframework.boot.web.servlet.FilterRegistrationBean [AbstractFilterRegistrationBean.java : 258] Mapping filter: 'characterEncodingFilter' to: [/*]
2017-08-25 09:28:40,032 [INFO] [localhost-startStop-1] org.springframework.boot.context.embedded.FilterRegistrationBean [AbstractFilterRegistrationBean.java : 258] Mapping filter: 'traceFilter' to: [/*]
2017-08-25 09:28:40,032 [INFO] [localhost-startStop-1] org.springframework.boot.web.servlet.FilterRegistrationBean [AbstractFilterRegistrationBean.java : 258] Mapping filter: 'hiddenHttpMethodFilter' to: [/*]
2017-08-25 09:28:40,032 [INFO] [localhost-startStop-1] org.springframework.boot.web.servlet.FilterRegistrationBean [AbstractFilterRegistrationBean.java : 258] Mapping filter: 'httpPutFormContentFilter' to: [/*]
2017-08-25 09:28:40,033 [INFO] [localhost-startStop-1] org.springframework.boot.web.servlet.FilterRegistrationBean [AbstractFilterRegistrationBean.java : 258] Mapping filter: 'requestContextFilter' to: [/*]
2017-08-25 09:28:40,033 [INFO] [localhost-startStop-1] org.springframework.boot.web.servlet.FilterRegistrationBean [AbstractFilterRegistrationBean.java : 258] Mapping filter: 'webRequestLoggingFilter' to: [/*]
2017-08-25 09:28:40,033 [INFO] [localhost-startStop-1] org.springframework.boot.web.servlet.FilterRegistrationBean [AbstractFilterRegistrationBean.java : 258] Mapping filter: 'applicationContextIdFilter' to: [/*]
2017-08-25 09:28:40,033 [INFO] [localhost-startStop-1] org.springframework.boot.web.servlet.ServletRegistrationBean [ServletRegistrationBean.java : 190] Mapping servlet: 'dispatcherServlet' to [/]
2017-08-25 09:28:42,143 [INFO] [main] o.springframework.web.servlet.mvc.method.annotation.RequestMappingHandlerMapping [AbstractHandlerMethodMapping.java : 543] Mapped "{[/update],methods=[POST]}" onto public java.util.Map<java.lang.String, java.lang.Object> com.moredo.example.mybatis.controller.UserController.update(com.moredo.example.mybatis.entity.User)
2017-08-25 09:28:42,143 [INFO] [main] o.springframework.web.servlet.mvc.method.annotation.RequestMappingHandlerMapping [AbstractHandlerMethodMapping.java : 543] Mapped "{[/delete/{id}],methods=[DELETE]}" onto public java.util.Map<java.lang.String, java.lang.Object> com.moredo.example.mybatis.controller.UserController.delete(java.lang.Long)
2017-08-25 09:28:42,143 [INFO] [main] o.springframework.web.servlet.mvc.method.annotation.RequestMappingHandlerMapping [AbstractHandlerMethodMapping.java : 543] Mapped "{[/add],methods=[POST]}" onto public java.util.Map<java.lang.String, java.lang.Object> com.moredo.example.mybatis.controller.UserController.save(com.moredo.example.mybatis.entity.User)
2017-08-25 09:28:42,143 [INFO] [main] o.springframework.web.servlet.mvc.method.annotation.RequestMappingHandlerMapping [AbstractHandlerMethodMapping.java : 543] Mapped "{[/getUser],methods=[GET]}" onto public java.util.Map<java.lang.String, java.lang.Object> com.moredo.example.mybatis.controller.UserController.getUser(java.lang.Long)
2017-08-25 09:28:42,143 [INFO] [main] o.springframework.web.servlet.mvc.method.annotation.RequestMappingHandlerMapping [AbstractHandlerMethodMapping.java : 543] Mapped "{[/getUsers],methods=[GET]}" onto public java.util.Map<java.lang.String, java.lang.Object> com.moredo.example.mybatis.controller.UserController.getUsers()
2017-08-25 09:28:42,143 [INFO] [main] o.springframework.web.servlet.mvc.method.annotation.RequestMappingHandlerMapping [AbstractHandlerMethodMapping.java : 543] Mapped "{[/v2/api-docs],methods=[GET],produces=[application/json || application/hal+json]}" onto public org.springframework.http.ResponseEntity<springfox.documentation.spring.web.json.Json> springfox.documentation.swagger2.web.Swagger2Controller.getDocumentation(java.lang.String,javax.servlet.http.HttpServletRequest)
2017-08-25 09:28:42,143 [INFO] [main] o.springframework.web.servlet.mvc.method.annotation.RequestMappingHandlerMapping [AbstractHandlerMethodMapping.java : 543] Mapped "{[/swagger-resources/configuration/security]}" onto org.springframework.http.ResponseEntity<springfox.documentation.swagger.web.SecurityConfiguration> springfox.documentation.swagger.web.ApiResourceController.securityConfiguration()
2017-08-25 09:28:42,143 [INFO] [main] o.springframework.web.servlet.mvc.method.annotation.RequestMappingHandlerMapping [AbstractHandlerMethodMapping.java : 543] Mapped "{[/swagger-resources/configuration/ui]}" onto org.springframework.http.ResponseEntity<springfox.documentation.swagger.web.UiConfiguration> springfox.documentation.swagger.web.ApiResourceController.uiConfiguration()
2017-08-25 09:28:42,143 [INFO] [main] o.springframework.web.servlet.mvc.method.annotation.RequestMappingHandlerMapping [AbstractHandlerMethodMapping.java : 543] Mapped "{[/swagger-resources]}" onto org.springframework.http.ResponseEntity<java.util.List<springfox.documentation.swagger.web.SwaggerResource>> springfox.documentation.swagger.web.ApiResourceController.swaggerResources()
2017-08-25 09:28:42,159 [INFO] [main] o.springframework.web.servlet.mvc.method.annotation.RequestMappingHandlerMapping [AbstractHandlerMethodMapping.java : 543] Mapped "{[/error]}" onto public org.springframework.http.ResponseEntity<java.util.Map<java.lang.String, java.lang.Object>> org.springframework.boot.autoconfigure.web.BasicErrorController.error(javax.servlet.http.HttpServletRequest)
2017-08-25 09:28:42,159 [INFO] [main] o.springframework.web.servlet.mvc.method.annotation.RequestMappingHandlerMapping [AbstractHandlerMethodMapping.java : 543] Mapped "{[/error],produces=[text/html]}" onto public org.springframework.web.servlet.ModelAndView org.springframework.boot.autoconfigure.web.BasicErrorController.errorHtml(javax.servlet.http.HttpServletRequest,javax.servlet.http.HttpServletResponse)
2017-08-25 09:28:43,157 [INFO] [main] org.springframework.boot.actuate.endpoint.mvc.EndpointHandlerMapping [AbstractHandlerMethodMapping.java : 543] Mapped "{[/env],methods=[POST]}" onto public java.lang.Object org.springframework.cloud.context.environment.EnvironmentManagerMvcEndpoint.value(java.util.Map<java.lang.String, java.lang.String>)
2017-08-25 09:28:43,157 [INFO] [main] org.springframework.boot.actuate.endpoint.mvc.EndpointHandlerMapping [AbstractHandlerMethodMapping.java : 543] Mapped "{[/env/reset],methods=[POST]}" onto public java.util.Map<java.lang.String, java.lang.Object> org.springframework.cloud.context.environment.EnvironmentManagerMvcEndpoint.reset()
2017-08-25 09:28:43,173 [INFO] [main] org.springframework.boot.actuate.endpoint.mvc.EndpointHandlerMapping [AbstractHandlerMethodMapping.java : 543] Mapped "{[/dump || /dump.json],methods=[GET],produces=[application/json]}" onto public java.lang.Object org.springframework.boot.actuate.endpoint.mvc.EndpointMvcAdapter.invoke()
2017-08-25 09:28:43,173 [INFO] [main] org.springframework.boot.actuate.endpoint.mvc.EndpointHandlerMapping [AbstractHandlerMethodMapping.java : 543] Mapped "{[/resume || /resume.json],methods=[POST]}" onto public java.lang.Object org.springframework.cloud.endpoint.GenericPostableMvcEndpoint.invoke()
2017-08-25 09:28:43,173 [INFO] [main] org.springframework.boot.actuate.endpoint.mvc.EndpointHandlerMapping [AbstractHandlerMethodMapping.java : 543] Mapped "{[/info || /info.json],methods=[GET],produces=[application/json]}" onto public java.lang.Object org.springframework.boot.actuate.endpoint.mvc.EndpointMvcAdapter.invoke()
2017-08-25 09:28:43,173 [INFO] [main] org.springframework.boot.actuate.endpoint.mvc.EndpointHandlerMapping [AbstractHandlerMethodMapping.java : 543] Mapped "{[/env/{name:.*}],methods=[GET],produces=[application/json]}" onto public java.lang.Object org.springframework.boot.actuate.endpoint.mvc.EnvironmentMvcEndpoint.value(java.lang.String)
2017-08-25 09:28:43,173 [INFO] [main] org.springframework.boot.actuate.endpoint.mvc.EndpointHandlerMapping [AbstractHandlerMethodMapping.java : 543] Mapped "{[/env || /env.json],methods=[GET],produces=[application/json]}" onto public java.lang.Object org.springframework.boot.actuate.endpoint.mvc.EndpointMvcAdapter.invoke()
2017-08-25 09:28:43,173 [INFO] [main] org.springframework.boot.actuate.endpoint.mvc.EndpointHandlerMapping [AbstractHandlerMethodMapping.java : 543] Mapped "{[/pause || /pause.json],methods=[POST]}" onto public java.lang.Object org.springframework.cloud.endpoint.GenericPostableMvcEndpoint.invoke()
2017-08-25 09:28:43,173 [INFO] [main] org.springframework.boot.actuate.endpoint.mvc.EndpointHandlerMapping [AbstractHandlerMethodMapping.java : 543] Mapped "{[/trace || /trace.json],methods=[GET],produces=[application/json]}" onto public java.lang.Object org.springframework.boot.actuate.endpoint.mvc.EndpointMvcAdapter.invoke()
2017-08-25 09:28:43,173 [INFO] [main] org.springframework.boot.actuate.endpoint.mvc.EndpointHandlerMapping [AbstractHandlerMethodMapping.java : 543] Mapped "{[/beans || /beans.json],methods=[GET],produces=[application/json]}" onto public java.lang.Object org.springframework.boot.actuate.endpoint.mvc.EndpointMvcAdapter.invoke()
2017-08-25 09:28:43,173 [INFO] [main] org.springframework.boot.actuate.endpoint.mvc.EndpointHandlerMapping [AbstractHandlerMethodMapping.java : 543] Mapped "{[/autoconfig || /autoconfig.json],methods=[GET],produces=[application/json]}" onto public java.lang.Object org.springframework.boot.actuate.endpoint.mvc.EndpointMvcAdapter.invoke()
2017-08-25 09:28:43,173 [INFO] [main] org.springframework.boot.actuate.endpoint.mvc.EndpointHandlerMapping [AbstractHandlerMethodMapping.java : 543] Mapped "{[/health || /health.json],produces=[application/json]}" onto public java.lang.Object org.springframework.boot.actuate.endpoint.mvc.HealthMvcEndpoint.invoke(java.security.Principal)
2017-08-25 09:28:43,173 [INFO] [main] org.springframework.boot.actuate.endpoint.mvc.EndpointHandlerMapping [AbstractHandlerMethodMapping.java : 543] Mapped "{[/metrics/{name:.*}],methods=[GET],produces=[application/json]}" onto public java.lang.Object org.springframework.boot.actuate.endpoint.mvc.MetricsMvcEndpoint.value(java.lang.String)
2017-08-25 09:28:43,173 [INFO] [main] org.springframework.boot.actuate.endpoint.mvc.EndpointHandlerMapping [AbstractHandlerMethodMapping.java : 543] Mapped "{[/metrics || /metrics.json],methods=[GET],produces=[application/json]}" onto public java.lang.Object org.springframework.boot.actuate.endpoint.mvc.EndpointMvcAdapter.invoke()
2017-08-25 09:28:43,173 [INFO] [main] org.springframework.boot.actuate.endpoint.mvc.EndpointHandlerMapping [AbstractHandlerMethodMapping.java : 543] Mapped "{[/heapdump || /heapdump.json],methods=[GET],produces=[application/octet-stream]}" onto public void org.springframework.boot.actuate.endpoint.mvc.HeapdumpMvcEndpoint.invoke(boolean,javax.servlet.http.HttpServletRequest,javax.servlet.http.HttpServletResponse) throws java.io.IOException,javax.servlet.ServletException
2017-08-25 09:28:43,173 [INFO] [main] org.springframework.boot.actuate.endpoint.mvc.EndpointHandlerMapping [AbstractHandlerMethodMapping.java : 543] Mapped "{[/configprops || /configprops.json],methods=[GET],produces=[application/json]}" onto public java.lang.Object org.springframework.boot.actuate.endpoint.mvc.EndpointMvcAdapter.invoke()
2017-08-25 09:28:43,189 [INFO] [main] org.springframework.boot.actuate.endpoint.mvc.EndpointHandlerMapping [AbstractHandlerMethodMapping.java : 543] Mapped "{[/mappings || /mappings.json],methods=[GET],produces=[application/json]}" onto public java.lang.Object org.springframework.boot.actuate.endpoint.mvc.EndpointMvcAdapter.invoke()
2017-08-25 09:28:43,189 [INFO] [main] org.springframework.boot.actuate.endpoint.mvc.EndpointHandlerMapping [AbstractHandlerMethodMapping.java : 543] Mapped "{[/refresh || /refresh.json],methods=[POST]}" onto public java.lang.Object org.springframework.cloud.endpoint.GenericPostableMvcEndpoint.invoke()
2017-08-25 09:28:43,189 [INFO] [main] org.springframework.boot.actuate.endpoint.mvc.EndpointHandlerMapping [AbstractHandlerMethodMapping.java : 543] Mapped "{[/restart || /restart.json],methods=[POST]}" onto public java.lang.Object org.springframework.cloud.context.restart.RestartMvcEndpoint.invoke()
2017-08-25 09:28:43,625 [INFO] [main] o.springframework.web.servlet.mvc.method.annotation.RequestMappingHandlerAdapter [RequestMappingHandlerAdapter.java : 534] Looking for @ControllerAdvice: org.springframework.boot.context.embedded.AnnotationConfigEmbeddedWebApplicationContext@4c767d44: startup date [Fri Aug 25 09:28:36 CST 2017]; parent: org.springframework.context.annotation.AnnotationConfigApplicationContext@2276a6ab
2017-08-25 09:28:43,797 [INFO] [main] org.springframework.web.servlet.handler.SimpleUrlHandlerMapping [AbstractUrlHandlerMapping.java : 354] Mapped URL path [/webjars/**] onto handler of type [class org.springframework.web.servlet.resource.ResourceHttpRequestHandler]
2017-08-25 09:28:43,797 [INFO] [main] org.springframework.web.servlet.handler.SimpleUrlHandlerMapping [AbstractUrlHandlerMapping.java : 354] Mapped URL path [/**] onto handler of type [class org.springframework.web.servlet.resource.ResourceHttpRequestHandler]
2017-08-25 09:28:43,875 [INFO] [main] org.springframework.web.servlet.handler.SimpleUrlHandlerMapping [AbstractUrlHandlerMapping.java : 354] Mapped URL path [/**/favicon.ico] onto handler of type [class org.springframework.web.servlet.resource.ResourceHttpRequestHandler]
2017-08-25 09:28:44,811 [INFO] [main] org.springframework.scheduling.concurrent.ThreadPoolTaskScheduler [ExecutorConfigurationSupport.java : 165] Initializing ExecutorService 
2017-08-25 09:28:45,076 [INFO] [main] org.springframework.jmx.export.annotation.AnnotationMBeanExporter [MBeanExporter.java : 431] Registering beans for JMX exposure on startup
2017-08-25 09:28:45,076 [INFO] [main] org.springframework.jmx.export.annotation.AnnotationMBeanExporter [MBeanExporter.java : 912] Bean with name 'configurationPropertiesRebinder' has been autodetected for JMX exposure
2017-08-25 09:28:45,076 [INFO] [main] org.springframework.jmx.export.annotation.AnnotationMBeanExporter [MBeanExporter.java : 912] Bean with name 'refreshEndpoint' has been autodetected for JMX exposure
2017-08-25 09:28:45,076 [INFO] [main] org.springframework.jmx.export.annotation.AnnotationMBeanExporter [MBeanExporter.java : 912] Bean with name 'restartEndpoint' has been autodetected for JMX exposure
2017-08-25 09:28:45,076 [INFO] [main] org.springframework.jmx.export.annotation.AnnotationMBeanExporter [MBeanExporter.java : 912] Bean with name 'refreshScope' has been autodetected for JMX exposure
2017-08-25 09:28:45,076 [INFO] [main] org.springframework.jmx.export.annotation.AnnotationMBeanExporter [MBeanExporter.java : 912] Bean with name 'environmentManager' has been autodetected for JMX exposure
2017-08-25 09:28:45,092 [INFO] [main] org.springframework.jmx.export.annotation.AnnotationMBeanExporter [MBeanExporter.java : 674] Located managed bean 'environmentManager': registering with JMX server as MBean [org.springframework.cloud.context.environment:name=environmentManager,type=EnvironmentManager]
2017-08-25 09:28:45,107 [INFO] [main] org.springframework.jmx.export.annotation.AnnotationMBeanExporter [MBeanExporter.java : 674] Located managed bean 'restartEndpoint': registering with JMX server as MBean [org.springframework.cloud.context.restart:name=restartEndpoint,type=RestartEndpoint]
2017-08-25 09:28:45,123 [INFO] [main] org.springframework.jmx.export.annotation.AnnotationMBeanExporter [MBeanExporter.java : 674] Located managed bean 'refreshScope': registering with JMX server as MBean [org.springframework.cloud.context.scope.refresh:name=refreshScope,type=RefreshScope]
2017-08-25 09:28:45,139 [INFO] [main] org.springframework.jmx.export.annotation.AnnotationMBeanExporter [MBeanExporter.java : 674] Located managed bean 'configurationPropertiesRebinder': registering with JMX server as MBean [org.springframework.cloud.context.properties:name=configurationPropertiesRebinder,context=4c767d44,type=ConfigurationPropertiesRebinder]
2017-08-25 09:28:45,139 [INFO] [main] org.springframework.jmx.export.annotation.AnnotationMBeanExporter [MBeanExporter.java : 674] Located managed bean 'refreshEndpoint': registering with JMX server as MBean [org.springframework.cloud.endpoint:name=refreshEndpoint,type=RefreshEndpoint]
2017-08-25 09:28:45,139 [INFO] [main] org.springframework.boot.actuate.endpoint.jmx.EndpointMBeanExporter [MBeanExporter.java : 431] Registering beans for JMX exposure on startup
2017-08-25 09:28:45,279 [INFO] [main] org.springframework.context.support.DefaultLifecycleProcessor [DefaultLifecycleProcessor.java : 341] Starting beans in phase 0
2017-08-25 09:28:45,310 [INFO] [main] org.springframework.boot.actuate.endpoint.jmx.EndpointMBeanExporter [MBeanExporter.java : 674] Located managed bean 'requestMappingEndpoint': registering with JMX server as MBean [org.springframework.boot:type=Endpoint,name=requestMappingEndpoint]
2017-08-25 09:28:45,310 [INFO] [main] org.springframework.boot.actuate.endpoint.jmx.EndpointMBeanExporter [MBeanExporter.java : 674] Located managed bean 'environmentEndpoint': registering with JMX server as MBean [org.springframework.boot:type=Endpoint,name=environmentEndpoint]
2017-08-25 09:28:45,326 [INFO] [main] org.springframework.boot.actuate.endpoint.jmx.EndpointMBeanExporter [MBeanExporter.java : 674] Located managed bean 'healthEndpoint': registering with JMX server as MBean [org.springframework.boot:type=Endpoint,name=healthEndpoint]
2017-08-25 09:28:45,326 [INFO] [main] org.springframework.boot.actuate.endpoint.jmx.EndpointMBeanExporter [MBeanExporter.java : 674] Located managed bean 'beansEndpoint': registering with JMX server as MBean [org.springframework.boot:type=Endpoint,name=beansEndpoint]
2017-08-25 09:28:45,326 [INFO] [main] org.springframework.boot.actuate.endpoint.jmx.EndpointMBeanExporter [MBeanExporter.java : 674] Located managed bean 'infoEndpoint': registering with JMX server as MBean [org.springframework.boot:type=Endpoint,name=infoEndpoint]
2017-08-25 09:28:45,326 [INFO] [main] org.springframework.boot.actuate.endpoint.jmx.EndpointMBeanExporter [MBeanExporter.java : 674] Located managed bean 'metricsEndpoint': registering with JMX server as MBean [org.springframework.boot:type=Endpoint,name=metricsEndpoint]
2017-08-25 09:28:45,326 [INFO] [main] org.springframework.boot.actuate.endpoint.jmx.EndpointMBeanExporter [MBeanExporter.java : 674] Located managed bean 'traceEndpoint': registering with JMX server as MBean [org.springframework.boot:type=Endpoint,name=traceEndpoint]
2017-08-25 09:28:45,341 [INFO] [main] org.springframework.boot.actuate.endpoint.jmx.EndpointMBeanExporter [MBeanExporter.java : 674] Located managed bean 'dumpEndpoint': registering with JMX server as MBean [org.springframework.boot:type=Endpoint,name=dumpEndpoint]
2017-08-25 09:28:45,341 [INFO] [main] org.springframework.boot.actuate.endpoint.jmx.EndpointMBeanExporter [MBeanExporter.java : 674] Located managed bean 'autoConfigurationReportEndpoint': registering with JMX server as MBean [org.springframework.boot:type=Endpoint,name=autoConfigurationReportEndpoint]
2017-08-25 09:28:45,341 [INFO] [main] org.springframework.boot.actuate.endpoint.jmx.EndpointMBeanExporter [MBeanExporter.java : 674] Located managed bean 'configurationPropertiesReportEndpoint': registering with JMX server as MBean [org.springframework.boot:type=Endpoint,name=configurationPropertiesReportEndpoint]
2017-08-25 09:28:45,341 [INFO] [main] org.springframework.context.support.DefaultLifecycleProcessor [DefaultLifecycleProcessor.java : 341] Starting beans in phase 2147483647
2017-08-25 09:28:45,341 [INFO] [main] springfox.documentation.spring.web.plugins.DocumentationPluginsBootstrapper [DocumentationPluginsBootstrapper.java : 120] Context refreshed
2017-08-25 09:28:45,404 [INFO] [main] springfox.documentation.spring.web.plugins.DocumentationPluginsBootstrapper [DocumentationPluginsBootstrapper.java : 123] Found 1 custom documentation plugin(s)
2017-08-25 09:28:45,435 [INFO] [main] springfox.documentation.spring.web.scanners.ApiListingReferenceScanner [ApiListingReferenceScanner.java : 41] Scanning for api listing references
2017-08-25 09:28:45,653 [INFO] [main] org.apache.coyote.http11.Http11NioProtocol [DirectJDKLog.java : 179] Initializing ProtocolHandler ["http-nio-8087"]
2017-08-25 09:28:45,716 [INFO] [main] org.apache.coyote.http11.Http11NioProtocol [DirectJDKLog.java : 179] Starting ProtocolHandler [http-nio-8087]
2017-08-25 09:28:45,778 [INFO] [main] org.apache.tomcat.util.net.NioSelectorPool [DirectJDKLog.java : 179] Using a shared selector for servlet write/read
2017-08-25 09:28:45,809 [INFO] [main] org.springframework.boot.context.embedded.tomcat.TomcatEmbeddedServletContainer [TomcatEmbeddedServletContainer.java : 185] Tomcat started on port(s): 8087 (http)
2017-08-25 09:28:45,809 [INFO] [main] com.moredo.example.mybatis.Application [StartupInfoLogger.java : 57] Started Application in 11.764 seconds (JVM running for 26.792)
